0 info it worked if it ends with ok
1 verbose cli [ '/home/ubuntu/.nvm/versions/node/v4.3.2/bin/node',
1 verbose cli   '/home/ubuntu/.nvm/versions/node/v4.3.2/bin/npm',
1 verbose cli   'adduser',
1 verbose cli   '--always-auth' ]
2 info using npm@3.8.1
3 info using node@v4.3.2
4 verbose adduser before first PUT { _id: 'org.couchdb.user:ryan.b.harvey',
4 verbose adduser   name: 'ryan.b.harvey',
4 verbose adduser   password: 'XXXXX',
4 verbose adduser   email: 'ryan.b.harvey@gmail.com',
4 verbose adduser   type: 'user',
4 verbose adduser   roles: [],
4 verbose adduser   date: '2016-03-15T04:11:43.623Z' }
5 verbose request uri http://localhost:15443/-/user/org.couchdb.user:ryan.b.harvey
6 verbose request new user, so can't send auth
7 info attempt registry request try #1 at 4:11:43 AM
8 verbose request id 80c51cef9b117ea8
9 http request PUT http://localhost:15443/-/user/org.couchdb.user:ryan.b.harvey
10 info retry will retry, error on last attempt: Error: connect ECONNREFUSED 127.0.0.1:15443
11 info attempt registry request try #2 at 4:11:53 AM
12 http request PUT http://localhost:15443/-/user/org.couchdb.user:ryan.b.harvey
13 info retry will retry, error on last attempt: Error: connect ECONNREFUSED 127.0.0.1:15443
14 info attempt registry request try #3 at 4:12:53 AM
15 http request PUT http://localhost:15443/-/user/org.couchdb.user:ryan.b.harvey
16 verbose request invalidating /home/ubuntu/.npm/localhost_15443/-/user/org.couchdb.user_3Aryan.b.harvey on PUT
17 verbose adduser back [ { [Error: connect ECONNREFUSED 127.0.0.1:15443]
17 verbose adduser     code: 'ECONNREFUSED',
17 verbose adduser     errno: 'ECONNREFUSED',
17 verbose adduser     syscall: 'connect',
17 verbose adduser     address: '127.0.0.1',
17 verbose adduser     port: 15443 },
17 verbose adduser   undefined,
17 verbose adduser   undefined ]
18 verbose stack Error: connect ECONNREFUSED 127.0.0.1:15443
18 verbose stack     at Object.exports._errnoException (util.js:870:11)
18 verbose stack     at exports._exceptionWithHostPort (util.js:893:20)
18 verbose stack     at TCPConnectWrap.afterConnect [as oncomplete] (net.js:1062:14)
19 verbose cwd /home/ubuntu/workspace/how-to-npm
20 error Linux 4.2.0-c9
21 error argv "/home/ubuntu/.nvm/versions/node/v4.3.2/bin/node" "/home/ubuntu/.nvm/versions/node/v4.3.2/bin/npm" "adduser" "--always-auth"
22 error node v4.3.2
23 error npm  v3.8.1
24 error code ECONNREFUSED
25 error errno ECONNREFUSED
26 error syscall connect
27 error Error: connect ECONNREFUSED 127.0.0.1:15443
27 error     at Object.exports._errnoException (util.js:870:11)
27 error     at exports._exceptionWithHostPort (util.js:893:20)
27 error     at TCPConnectWrap.afterConnect [as oncomplete] (net.js:1062:14)
27 error  { [Error: connect ECONNREFUSED 127.0.0.1:15443]
27 error   code: 'ECONNREFUSED',
27 error   errno: 'ECONNREFUSED',
27 error   syscall: 'connect',
27 error   address: '127.0.0.1',
27 error   port: 15443 }
28 error If you are behind a proxy, please make sure that the
28 error 'proxy' config is set properly.  See: 'npm help config'
29 verbose exit [ 1, true ]
